[2025-03-07T15:54:55.611+0000] {local_task_job_runner.py:123} INFO - ::group::Pre task execution logs
[2025-03-07T15:54:55.619+0000] {taskinstance.py:2614} INFO - Dependencies all met for dep_context=non-requeueable deps ti=<TaskInstance: redfin_analytics_dag.tsk_extract_redfin_data manual__2025-03-07T15:54:52.297886+00:00 [queued]>
[2025-03-07T15:54:55.624+0000] {taskinstance.py:2614} INFO - Dependencies all met for dep_context=requeueable deps ti=<TaskInstance: redfin_analytics_dag.tsk_extract_redfin_data manual__2025-03-07T15:54:52.297886+00:00 [queued]>
[2025-03-07T15:54:55.624+0000] {taskinstance.py:2867} INFO - Starting attempt 1 of 3
[2025-03-07T15:54:55.642+0000] {taskinstance.py:2890} INFO - Executing <Task(PythonOperator): tsk_extract_redfin_data> on 2025-03-07 15:54:52.297886+00:00
[2025-03-07T15:54:55.647+0000] {standard_task_runner.py:72} INFO - Started process 3562 to run task
[2025-03-07T15:54:55.650+0000] {standard_task_runner.py:104} INFO - Running: ['airflow', 'tasks', 'run', 'redfin_analytics_dag', 'tsk_extract_redfin_data', 'manual__2025-03-07T15:54:52.297886+00:00', '--job-id', '18', '--raw', '--subdir', 'DAGS_FOLDER/redfin_analytics.py', '--cfg-path', '/tmp/tmp6ode1hwg']
[2025-03-07T15:54:55.651+0000] {standard_task_runner.py:105} INFO - Job 18: Subtask tsk_extract_redfin_data
[2025-03-07T15:54:55.688+0000] {task_command.py:467} INFO - Running <TaskInstance: redfin_analytics_dag.tsk_extract_redfin_data manual__2025-03-07T15:54:52.297886+00:00 [running]> on host ip-172-31-7-71.eu-west-2.compute.internal
[2025-03-07T15:54:55.774+0000] {taskinstance.py:3134} INFO - Exporting env vars: AIRFLOW_CTX_DAG_EMAIL='dengineer420@gmail.com' AIRFLOW_CTX_DAG_OWNER='Rahul' AIRFLOW_CTX_DAG_ID='redfin_analytics_dag' AIRFLOW_CTX_TASK_ID='tsk_extract_redfin_data' AIRFLOW_CTX_EXECUTION_DATE='2025-03-07T15:54:52.297886+00:00' AIRFLOW_CTX_TRY_NUMBER='1' AIRFLOW_CTX_DAG_RUN_ID='manual__2025-03-07T15:54:52.297886+00:00'
[2025-03-07T15:54:55.775+0000] {logging_mixin.py:190} INFO - Task instance is in running state
[2025-03-07T15:54:55.775+0000] {logging_mixin.py:190} INFO -  Previous state of the Task instance: queued
[2025-03-07T15:54:55.775+0000] {logging_mixin.py:190} INFO - Current task name:tsk_extract_redfin_data state:running start_date:2025-03-07 15:54:55.620321+00:00
[2025-03-07T15:54:55.775+0000] {logging_mixin.py:190} INFO - Dag name:redfin_analytics_dag and current dag run status:running
[2025-03-07T15:54:55.776+0000] {taskinstance.py:732} INFO - ::endgroup::
[2025-03-07T17:37:23.087+0000] {taskinstance.py:3313} ERROR - Task failed with exception
Traceback (most recent call last):
  File "/home/ubuntu/redfin_venv/lib/python3.12/site-packages/pandas/io/formats/csvs.py", line 270, in save
    self._save()
  File "/home/ubuntu/redfin_venv/lib/python3.12/site-packages/pandas/io/formats/csvs.py", line 275, in _save
    self._save_body()
  File "/home/ubuntu/redfin_venv/lib/python3.12/site-packages/pandas/io/formats/csvs.py", line 313, in _save_body
    self._save_chunk(start_i, end_i)
  File "/home/ubuntu/redfin_venv/lib/python3.12/site-packages/pandas/io/formats/csvs.py", line 324, in _save_chunk
    libwriters.write_csv_rows(
  File "writers.pyx", line 73, in pandas._libs.writers.write_csv_rows
OSError: [Errno 28] No space left on device

During handling of the above exception, another exception occurred:

OSError: [Errno 28] No space left on device

During handling of the above exception, another exception occurred:

Traceback (most recent call last):
  File "/home/ubuntu/redfin_venv/lib/python3.12/site-packages/airflow/models/taskinstance.py", line 768, in _execute_task
    result = _execute_callable(context=context, **execute_callable_kwargs)
             ^^^^^^^^^^^^^^^^^^^^^^^^^^^^^^^^^^^^^^^^^^^^^^^^^^^^^^^^^^^^^
  File "/home/ubuntu/redfin_venv/lib/python3.12/site-packages/airflow/models/taskinstance.py", line 734, in _execute_callable
    return ExecutionCallableRunner(
           ^^^^^^^^^^^^^^^^^^^^^^^^
  File "/home/ubuntu/redfin_venv/lib/python3.12/site-packages/airflow/utils/operator_helpers.py", line 2[2025-03-07T17:37:24.057+0000] {logging_mixin.py:190} WARNING - --- Logging error ---
[2025-03-07T17:37:24.057+0000] {logging_mixin.py:190} WARNING - --- Logging error ---
[2025-03-07T17:37:24.058+0000] {logging_mixin.py:190} WARNING - --- Logging error ---
[2025-03-07T17:37:24.058+0000] {logging_mixin.py:190} WARNING - --- Logging error ---
[2025-03-07T17:37:24.058+0000] {logging_mixin.py:190} WARNING - --- Logging error ---
[2025-03-07T17:37:24.058+0000] {logging_mixin.py:190} WARNING - --- Logging error ---
[2025-03-07T17:37:24.058+0000] {logging_mixin.py:190} WARNING - --- Logging error ---
[2025-03-07T17:37:24.059+0000] {logging_mixin.py:190} WARNING - --- Logging error ---
[2025-03-07T17:37:24.059+0000] {logging_mixin.py:190} WARNING - --- Logging error ---
[2025-03-07T17:37:24.059+0000] {logging_mixin.py:190} WARNING - --- Logging error ---
[2025-03-07T17:37:24.059+0000] {logging_mixin.py:190} WARNING - --- Logging error ---
[2025-03-07T17:37:24.059+0000] {logging_mixin.py:190} WARNING - --- Logging error ---
[2025-03-07T17:37:24.060+0000] {logging_mixin.py:190} WARNING - --- Logging error ---
[2025-03-07T17:37:24.060+0000] {logging_mixin.py:190} WARNING - --- Logging error ---
[2025-03-07T17:37:24.060+0000] {logging_mixin.py:190} WARNING - --- Logging error ---
[2025-03-07T17:37:24.060+0000] {logging_mixin.py:190} WARNING - --- Logging error ---
[2025-03-07T17:37:24.060+0000] {logging_mixin.py:190} WARNING - --- Logging error ---
[2025-03-07T17:37:24.060+0000] {logging_mixin.py:190} WARNING - --- Logging error ---
[2025-03-07T17:37:24.060+0000] {logging_mixin.py:190} WARNING - --- Logging error ---
[2025-03-07T17:37:24.060+0000] {logging_mixin.py:190} WARNING - --- Logging error ---
[2025-03-07T17:37:24.060+0000] {logging_mixin.py:190} WARNING - --- Logging error ---
[2025-03-07T17:37:24.061+0000] {logging_mixin.py:190} WARNING - --- Logging error ---
[2025-03-07T17:37:24.061+0000] {logging_mixin.py:190} WARNING - --- Logging error ---
[2025-03-07T17:37:24.061+0000] {logging_mixin.py:190} WARNING - --- Logging error ---
[2025-03-07T17:37:24.061+0000] {logging_mixin.py:190} WARNING - --- Logging error ---
[2025-03-07T17:37:24.061+0000] {logging_mixin.py:190} WARNING - --- Logging error ---
[2025-03-07T17:37:24.061+0000] {logging_mixin.py:190} WARNING - --- Logging error ---
[2025-03-07T17:37:24.061+0000] {logging_mixin.py:190} WARNING - --- Logging error ---
[2025-03-07T17:37:24.061+0000] {logging_mixin.py:190} WARNING - --- Logging error ---
[2025-03-07T17:37:24.061+0000] {logging_mixin.py:190} WARNING - --- Logging error ---
[2025-03-07T17:37:24.062+0000] {logging_mixin.py:190} WARNING - --- Logging error ---
[2025-03-07T17:37:24.062+0000] {logging_mixin.py:190} WARNING - --- Logging error ---
[2025-03-07T17:37:24.062+0000] {logging_mixin.py:190} WARNING - --- Logging error ---
[2025-03-07T17:37:24.062+0000] {logging_mixin.py:190} WARNING - --- Logging error ---
[2025-03-07T17:37:24.062+0000] {logging_mixin.py:190} WARNING - --- Logging error ---
[2025-03-07T17:37:24.062+0000] {logging_mixin.py:190} WARNING - --- Logging error ---
[2025-03-07T17:37:24.062+0000] {logging_mixin.py:190} WARNING - --- Logging error ---
[2025-03-07T17:37:24.062+0000] {logging_mixin.py:190} WARNING - --- Logging error ---
[2025-03-07T17:37:24.062+0000] {logging_mixin.py:190} WARNING - --- Logging error ---
[2025-03-07T17:37:24.063+0000] {logging_mixin.py:190} WARNING - --- Logging error ---
[2025-03-07T17:37:24.063+0000] {logging_mixin.py:190} WARNING - --- Logging error ---
[2025-03-07T17:37:24.063+0000] {logging_mixin.py:190} WARNING - --- Logging error ---
[2025-03-07T17:37:24.063+0000] {logging_mixin.py:190} WARNING - --- Logging error ---
[2025-03-07T17:37:24.064+0000] {logging_mixin.py:190} WARNING - --- Logging error ---
[2025-03-07T17:37:24.064+0000] {logging_mixin.py:190} WARNING - --- Logging error ---
[2025-03-07T17:37:24.064+0000] {logging_mixin.py:190} WARNING - --- Logging error ---
[2025-03-07T17:37:24.064+0000] {logging_mixin.py:190} WARNING - --- Logging error ---
[2025-03-07T18:20:04.405+0000] {logging_mixin.py:190} 